The system is: Windows - 10.0.19043 - AMD64
Compiling the C compiler identification source file "CMakeCCompilerId.c" succeeded.
Compiler: C:/Program Files (x86)/Microsoft Visual Studio/2019/Community/VC/Tools/MSVC/14.29.30133/bin/Hostx86/x86/cl.exe 
Build flags: 
Id flags:  

The output was:
0
Microsoft (R) C/C++ Optimizing Compiler Version 19.29.30139 for x86
Copyright (C) Microsoft Corporation.  All rights reserved.

CMakeCCompilerId.c
Microsoft (R) Incremental Linker Version 14.29.30139.0
Copyright (C) Microsoft Corporation.  All rights reserved.

/out:CMakeCCompilerId.exe 
CMakeCCompilerId.obj 


Compilation of the C compiler identification source "CMakeCCompilerId.c" produced "CMakeCCompilerId.exe"

Compilation of the C compiler identification source "CMakeCCompilerId.c" produced "CMakeCCompilerId.obj"

The C compiler identification is MSVC, found in "D:/GitHub/apl/c/cmake-build-debug/CMakeFiles/3.21.1/CompilerIdC/CMakeCCompilerId.exe"

Detecting C compiler ABI info compiled with the following output:
Change Dir: D:/GitHub/apl/c/cmake-build-debug/CMakeFiles/CMakeTmp

Run Build Command(s):C:/Users/matia/AppData/Local/JetBrains/Toolbox/apps/CLion/ch-0/213.5744.254/bin/ninja/win/ninja.exe cmTC_2e7a6 && [1/2] Building C object CMakeFiles\cmTC_2e7a6.dir\CMakeCCompilerABI.c.obj
[2/2] Linking C executable cmTC_2e7a6.exe



